{"E:\\Projetos ALURA - Carreira IA Native\\rotalog\\rotalog-api-entregas\\src\\middleware\\auth.js": {"path":"E:\\Projetos ALURA - Carreira IA Native\\rotalog\\rotalog-api-entregas\\src\\middleware\\auth.js","statementMap":{"0":{"start":{"line":1,"column":12},"end":{"line":1,"column":35}},"1":{"start":{"line":2,"column":15},"end":{"line":2,"column":42}},"2":{"start":{"line":5,"column":17},"end":{"line":5,"column":39}},"3":{"start":{"line":6,"column":2},"end":{"line":9,"column":3}},"4":{"start":{"line":7,"column":4},"end":{"line":7,"column":47}},"5":{"start":{"line":8,"column":4},"end":{"line":8,"column":83}},"6":{"start":{"line":11,"column":21},"end":{"line":11,"column":49}},"7":{"start":{"line":12,"column":2},"end":{"line":14,"column":3}},"8":{"start":{"line":13,"column":4},"end":{"line":13,"column":66}},"9":{"start":{"line":16,"column":16},"end":{"line":16,"column":37}},"10":{"start":{"line":17,"column":2},"end":{"line":19,"column":3}},"11":{"start":{"line":18,"column":4},"end":{"line":18,"column":66}},"12":{"start":{"line":21,"column":16},"end":{"line":21,"column":24}},"13":{"start":{"line":22,"column":2},"end":{"line":33,"column":3}},"14":{"start":{"line":23,"column":20},"end":{"line":23,"column":45}},"15":{"start":{"line":24,"column":4},"end":{"line":28,"column":6}},"16":{"start":{"line":29,"column":4},"end":{"line":29,"column":11}},"17":{"start":{"line":31,"column":4},"end":{"line":31,"column":76}},"18":{"start":{"line":32,"column":4},"end":{"line":32,"column":61}},"19":{"start":{"line":36,"column":0},"end":{"line":36,"column":32}}},"fnMap":{"0":{"name":"authMiddleware","decl":{"start":{"line":4,"column":9},"end":{"line":4,"column":23}},"loc":{"start":{"line":4,"column":40},"end":{"line":34,"column":1}},"line":4}},"branchMap":{"0":{"loc":{"start":{"line":6,"column":2},"end":{"line":9,"column":3}},"type":"if","locations":[{"start":{"line":6,"column":2},"end":{"line":9,"column":3}},{"start":{},"end":{}}],"line":6},"1":{"loc":{"start":{"line":12,"column":2},"end":{"line":14,"column":3}},"type":"if","locations":[{"start":{"line":12,"column":2},"end":{"line":14,"column":3}},{"start":{},"end":{}}],"line":12},"2":{"loc":{"start":{"line":17,"column":2},"end":{"line":19,"column":3}},"type":"if","locations":[{"start":{"line":17,"column":2},"end":{"line":19,"column":3}},{"start":{},"end":{}}],"line":17},"3":{"loc":{"start":{"line":17,"column":6},"end":{"line":17,"column":49}},"type":"binary-expr","locations":[{"start":{"line":17,"column":6},"end":{"line":17,"column":24}},{"start":{"line":17,"column":28},"end":{"line":17,"column":49}}],"line":17},"4":{"loc":{"start":{"line":25,"column":10},"end":{"line":25,"column":35}},"type":"binary-expr","locations":[{"start":{"line":25,"column":10},"end":{"line":25,"column":21}},{"start":{"line":25,"column":25},"end":{"line":25,"column":35}}],"line":25}},"s":{"0":1,"1":1,"2":8,"3":8,"4":1,"5":1,"6":7,"7":7,"8":1,"9":6,"10":6,"11":2,"12":4,"13":4,"14":4,"15":2,"16":2,"17":2,"18":2,"19":1},"f":{"0":8},"b":{"0":[1,7],"1":[1,6],"2":[2,4],"3":[6,5],"4":[2,1]},"_coverageSchema":"1a1c01bbd47fc00a2c39e90264f33305004495a9","hash":"b6caf125bdbbc884df0836c5aeda403fb73f2b2f"}
,"E:\\Projetos ALURA - Carreira IA Native\\rotalog\\rotalog-api-entregas\\src\\middleware\\validar.js": {"path":"E:\\Projetos ALURA - Carreira IA Native\\rotalog\\rotalog-api-entregas\\src\\middleware\\validar.js","statementMap":{"0":{"start":{"line":10,"column":2},"end":{"line":18,"column":4}},"1":{"start":{"line":11,"column":19},"end":{"line":11,"column":45}},"2":{"start":{"line":12,"column":4},"end":{"line":15,"column":5}},"3":{"start":{"line":13,"column":27},"end":{"line":13,"column":57}},"4":{"start":{"line":14,"column":6},"end":{"line":14,"column":59}},"5":{"start":{"line":16,"column":4},"end":{"line":16,"column":27}},"6":{"start":{"line":17,"column":4},"end":{"line":17,"column":18}},"7":{"start":{"line":21,"column":0},"end":{"line":21,"column":25}}},"fnMap":{"0":{"name":"validar","decl":{"start":{"line":9,"column":9},"end":{"line":9,"column":16}},"loc":{"start":{"line":9,"column":25},"end":{"line":19,"column":1}},"line":9},"1":{"name":"(anonymous_1)","decl":{"start":{"line":10,"column":9},"end":{"line":10,"column":10}},"loc":{"start":{"line":10,"column":35},"end":{"line":18,"column":3}},"line":10}},"branchMap":{"0":{"loc":{"start":{"line":12,"column":4},"end":{"line":15,"column":5}},"type":"if","locations":[{"start":{"line":12,"column":4},"end":{"line":15,"column":5}},{"start":{},"end":{}}],"line":12}},"s":{"0":10,"1":28,"2":28,"3":7,"4":7,"5":21,"6":21,"7":2},"f":{"0":10,"1":28},"b":{"0":[7,21]},"_coverageSchema":"1a1c01bbd47fc00a2c39e90264f33305004495a9","hash":"c8a1a6641b8d453d8f52caac7eba1bdd7539dace"}
,"E:\\Projetos ALURA - Carreira IA Native\\rotalog\\rotalog-api-entregas\\src\\routes\\entregas.js": {"path":"E:\\Projetos ALURA - Carreira IA Native\\rotalog\\rotalog-api-entregas\\src\\routes\\entregas.js","statementMap":{"0":{"start":{"line":3,"column":16},"end":{"line":3,"column":34}},"1":{"start":{"line":4,"column":15},"end":{"line":4,"column":31}},"2":{"start":{"line":5,"column":15},"end":{"line":5,"column":42}},"3":{"start":{"line":6,"column":16},"end":{"line":6,"column":48}},"4":{"start":{"line":12,"column":4},"end":{"line":12,"column":40}},"5":{"start":{"line":13,"column":23},"end":{"line":13,"column":60}},"6":{"start":{"line":14,"column":21},"end":{"line":14,"column":58}},"7":{"start":{"line":21,"column":2},"end":{"line":27,"column":3}},"8":{"start":{"line":22,"column":17},"end":{"line":22,"column":45}},"9":{"start":{"line":23,"column":4},"end":{"line":25,"column":5}},"10":{"start":{"line":24,"column":6},"end":{"line":24,"column":37}},"11":{"start":{"line":26,"column":4},"end":{"line":26,"column":45}},"12":{"start":{"line":28,"column":2},"end":{"line":28,"column":54}},"13":{"start":{"line":29,"column":2},"end":{"line":29,"column":54}},"14":{"start":{"line":35,"column":0},"end":{"line":42,"column":3}},"15":{"start":{"line":36,"column":2},"end":{"line":41,"column":3}},"16":{"start":{"line":37,"column":21},"end":{"line":37,"column":67}},"17":{"start":{"line":38,"column":4},"end":{"line":38,"column":23}},"18":{"start":{"line":40,"column":4},"end":{"line":40,"column":53}},"19":{"start":{"line":47,"column":0},"end":{"line":54,"column":3}},"20":{"start":{"line":48,"column":2},"end":{"line":53,"column":3}},"21":{"start":{"line":49,"column":18},"end":{"line":49,"column":58}},"22":{"start":{"line":50,"column":4},"end":{"line":50,"column":20}},"23":{"start":{"line":52,"column":4},"end":{"line":52,"column":56}},"24":{"start":{"line":59,"column":0},"end":{"line":66,"column":3}},"25":{"start":{"line":60,"column":2},"end":{"line":65,"column":3}},"26":{"start":{"line":61,"column":20},"end":{"line":61,"column":81}},"27":{"start":{"line":62,"column":4},"end":{"line":62,"column":22}},"28":{"start":{"line":64,"column":4},"end":{"line":64,"column":53}},"29":{"start":{"line":71,"column":0},"end":{"line":78,"column":3}},"30":{"start":{"line":72,"column":2},"end":{"line":77,"column":3}},"31":{"start":{"line":73,"column":20},"end":{"line":73,"column":67}},"32":{"start":{"line":74,"column":4},"end":{"line":74,"column":22}},"33":{"start":{"line":76,"column":4},"end":{"line":76,"column":53}},"34":{"start":{"line":83,"column":0},"end":{"line":90,"column":3}},"35":{"start":{"line":84,"column":2},"end":{"line":89,"column":3}},"36":{"start":{"line":85,"column":20},"end":{"line":85,"column":63}},"37":{"start":{"line":86,"column":4},"end":{"line":86,"column":34}},"38":{"start":{"line":88,"column":4},"end":{"line":88,"column":50}},"39":{"start":{"line":95,"column":0},"end":{"line":102,"column":3}},"40":{"start":{"line":96,"column":2},"end":{"line":101,"column":3}},"41":{"start":{"line":97,"column":20},"end":{"line":97,"column":82}},"42":{"start":{"line":98,"column":4},"end":{"line":98,"column":22}},"43":{"start":{"line":100,"column":4},"end":{"line":100,"column":54}},"44":{"start":{"line":107,"column":0},"end":{"line":114,"column":3}},"45":{"start":{"line":108,"column":2},"end":{"line":113,"column":3}},"46":{"start":{"line":109,"column":20},"end":{"line":109,"column":88}},"47":{"start":{"line":110,"column":4},"end":{"line":110,"column":22}},"48":{"start":{"line":112,"column":4},"end":{"line":112,"column":53}},"49":{"start":{"line":119,"column":0},"end":{"line":126,"column":3}},"50":{"start":{"line":120,"column":2},"end":{"line":125,"column":3}},"51":{"start":{"line":121,"column":20},"end":{"line":121,"column":81}},"52":{"start":{"line":122,"column":4},"end":{"line":122,"column":22}},"53":{"start":{"line":124,"column":4},"end":{"line":124,"column":53}},"54":{"start":{"line":131,"column":0},"end":{"line":138,"column":3}},"55":{"start":{"line":132,"column":2},"end":{"line":137,"column":3}},"56":{"start":{"line":133,"column":20},"end":{"line":133,"column":71}},"57":{"start":{"line":134,"column":4},"end":{"line":134,"column":56}},"58":{"start":{"line":136,"column":4},"end":{"line":136,"column":53}},"59":{"start":{"line":140,"column":0},"end":{"line":140,"column":24}}},"fnMap":{"0":{"name":"tratarErro","decl":{"start":{"line":20,"column":9},"end":{"line":20,"column":19}},"loc":{"start":{"line":20,"column":43},"end":{"line":30,"column":1}},"line":20},"1":{"name":"(anonymous_1)","decl":{"start":{"line":35,"column":16},"end":{"line":35,"column":17}},"loc":{"start":{"line":35,"column":36},"end":{"line":42,"column":1}},"line":35},"2":{"name":"(anonymous_2)","decl":{"start":{"line":47,"column":21},"end":{"line":47,"column":22}},"loc":{"start":{"line":47,"column":41},"end":{"line":54,"column":1}},"line":47},"3":{"name":"(anonymous_3)","decl":{"start":{"line":59,"column":36},"end":{"line":59,"column":37}},"loc":{"start":{"line":59,"column":56},"end":{"line":66,"column":1}},"line":59},"4":{"name":"(anonymous_4)","decl":{"start":{"line":71,"column":19},"end":{"line":71,"column":20}},"loc":{"start":{"line":71,"column":39},"end":{"line":78,"column":1}},"line":71},"5":{"name":"(anonymous_5)","decl":{"start":{"line":83,"column":46},"end":{"line":83,"column":47}},"loc":{"start":{"line":83,"column":66},"end":{"line":90,"column":1}},"line":83},"6":{"name":"(anonymous_6)","decl":{"start":{"line":95,"column":52},"end":{"line":95,"column":53}},"loc":{"start":{"line":95,"column":72},"end":{"line":102,"column":1}},"line":95},"7":{"name":"(anonymous_7)","decl":{"start":{"line":107,"column":60},"end":{"line":107,"column":61}},"loc":{"start":{"line":107,"column":80},"end":{"line":114,"column":1}},"line":107},"8":{"name":"(anonymous_8)","decl":{"start":{"line":119,"column":62},"end":{"line":119,"column":63}},"loc":{"start":{"line":119,"column":82},"end":{"line":126,"column":1}},"line":119},"9":{"name":"(anonymous_9)","decl":{"start":{"line":131,"column":22},"end":{"line":131,"column":23}},"loc":{"start":{"line":131,"column":42},"end":{"line":138,"column":1}},"line":131}},"branchMap":{"0":{"loc":{"start":{"line":21,"column":2},"end":{"line":27,"column":3}},"type":"if","locations":[{"start":{"line":21,"column":2},"end":{"line":27,"column":3}},{"start":{},"end":{}}],"line":21},"1":{"loc":{"start":{"line":23,"column":4},"end":{"line":25,"column":5}},"type":"if","locations":[{"start":{"line":23,"column":4},"end":{"line":25,"column":5}},{"start":{},"end":{}}],"line":23}},"s":{"0":1,"1":1,"2":1,"3":1,"4":1,"5":1,"6":1,"7":17,"8":8,"9":8,"10":2,"11":8,"12":9,"13":9,"14":1,"15":5,"16":5,"17":4,"18":1,"19":1,"20":2,"21":2,"22":1,"23":1,"24":1,"25":3,"26":3,"27":1,"28":2,"29":1,"30":3,"31":3,"32":1,"33":2,"34":1,"35":4,"36":4,"37":3,"38":1,"39":1,"40":3,"41":3,"42":1,"43":2,"44":1,"45":8,"46":8,"47":4,"48":4,"49":1,"50":3,"51":3,"52":1,"53":2,"54":1,"55":3,"56":3,"57":1,"58":2,"59":1},"f":{"0":17,"1":5,"2":2,"3":3,"4":3,"5":4,"6":3,"7":8,"8":3,"9":3},"b":{"0":[8,9],"1":[2,6]},"_coverageSchema":"1a1c01bbd47fc00a2c39e90264f33305004495a9","hash":"f6124114352f86574f96b904cfb9d9fea91ff671"}
,"E:\\Projetos ALURA - Carreira IA Native\\rotalog\\rotalog-api-entregas\\src\\schemas\\entregaSchemas.js": {"path":"E:\\Projetos ALURA - Carreira IA Native\\rotalog\\rotalog-api-entregas\\src\\schemas\\entregaSchemas.js","statementMap":{"0":{"start":{"line":3,"column":14},"end":{"line":3,"column":28}},"1":{"start":{"line":5,"column":27},"end":{"line":16,"column":2}},"2":{"start":{"line":18,"column":31},"end":{"line":23,"column":2}},"3":{"start":{"line":25,"column":30},"end":{"line":36,"column":2}},"4":{"start":{"line":31,"column":19},"end":{"line":31,"column":60}},"5":{"start":{"line":38,"column":30},"end":{"line":40,"column":2}},"6":{"start":{"line":42,"column":0},"end":{"line":47,"column":2}}},"fnMap":{"0":{"name":"(anonymous_0)","decl":{"start":{"line":31,"column":12},"end":{"line":31,"column":13}},"loc":{"start":{"line":31,"column":19},"end":{"line":31,"column":60}},"line":31}},"branchMap":{"0":{"loc":{"start":{"line":31,"column":19},"end":{"line":31,"column":60}},"type":"binary-expr","locations":[{"start":{"line":31,"column":19},"end":{"line":31,"column":34}},{"start":{"line":31,"column":38},"end":{"line":31,"column":48}},{"start":{"line":31,"column":52},"end":{"line":31,"column":60}}],"line":31}},"s":{"0":1,"1":1,"2":1,"3":1,"4":4,"5":1,"6":1},"f":{"0":4},"b":{"0":[4,4,4]},"_coverageSchema":"1a1c01bbd47fc00a2c39e90264f33305004495a9","hash":"ff279a62ba22a619bf45b6b822c7fcbb9dd0f416"}
,"E:\\Projetos ALURA - Carreira IA Native\\rotalog\\rotalog-api-entregas\\src\\services\\entregaService.js": {"path":"E:\\Projetos ALURA - Carreira IA Native\\rotalog\\rotalog-api-entregas\\src\\services\\entregaService.js","statementMap":{"0":{"start":{"line":3,"column":15},"end":{"line":3,"column":32}},"1":{"start":{"line":4,"column":34},"end":{"line":4,"column":54}},"2":{"start":{"line":5,"column":22},"end":{"line":5,"column":51}},"3":{"start":{"line":6,"column":15},"end":{"line":6,"column":42}},"4":{"start":{"line":7,"column":27},"end":{"line":7,"column":58}},"5":{"start":{"line":13,"column":23},"end":{"line":13,"column":88}},"6":{"start":{"line":15,"column":19},"end":{"line":21,"column":1}},"7":{"start":{"line":23,"column":19},"end":{"line":23,"column":20}},"8":{"start":{"line":31,"column":4},"end":{"line":31,"column":25}},"9":{"start":{"line":32,"column":4},"end":{"line":32,"column":25}},"10":{"start":{"line":33,"column":4},"end":{"line":33,"column":39}},"11":{"start":{"line":34,"column":4},"end":{"line":34,"column":31}},"12":{"start":{"line":43,"column":2},"end":{"line":43,"column":38}},"13":{"start":{"line":51,"column":2},"end":{"line":53,"column":3}},"14":{"start":{"line":52,"column":4},"end":{"line":52,"column":16}},"15":{"start":{"line":55,"column":12},"end":{"line":55,"column":16}},"16":{"start":{"line":56,"column":16},"end":{"line":56,"column":46}},"17":{"start":{"line":56,"column":25},"end":{"line":56,"column":46}},"18":{"start":{"line":58,"column":18},"end":{"line":58,"column":36}},"19":{"start":{"line":59,"column":18},"end":{"line":59,"column":36}},"20":{"start":{"line":62,"column":4},"end":{"line":66,"column":27}},"21":{"start":{"line":68,"column":12},"end":{"line":68,"column":58}},"22":{"start":{"line":69,"column":2},"end":{"line":69,"column":15}},"23":{"start":{"line":73,"column":2},"end":{"line":73,"column":39}},"24":{"start":{"line":73,"column":27},"end":{"line":73,"column":39}},"25":{"start":{"line":74,"column":2},"end":{"line":74,"column":45}},"26":{"start":{"line":78,"column":21},"end":{"line":78,"column":35}},"27":{"start":{"line":79,"column":2},"end":{"line":79,"column":32}},"28":{"start":{"line":79,"column":19},"end":{"line":79,"column":32}},"29":{"start":{"line":80,"column":2},"end":{"line":80,"column":35}},"30":{"start":{"line":88,"column":16},"end":{"line":88,"column":18}},"31":{"start":{"line":90,"column":2},"end":{"line":92,"column":3}},"32":{"start":{"line":91,"column":4},"end":{"line":91,"column":42}},"33":{"start":{"line":93,"column":2},"end":{"line":95,"column":3}},"34":{"start":{"line":94,"column":4},"end":{"line":94,"column":48}},"35":{"start":{"line":96,"column":2},"end":{"line":98,"column":3}},"36":{"start":{"line":97,"column":4},"end":{"line":97,"column":46}},"37":{"start":{"line":100,"column":2},"end":{"line":111,"column":5}},"38":{"start":{"line":115,"column":18},"end":{"line":123,"column":4}},"39":{"start":{"line":124,"column":2},"end":{"line":126,"column":3}},"40":{"start":{"line":125,"column":4},"end":{"line":125,"column":54}},"41":{"start":{"line":127,"column":2},"end":{"line":127,"column":17}},"42":{"start":{"line":131,"column":18},"end":{"line":131,"column":77}},"43":{"start":{"line":132,"column":2},"end":{"line":134,"column":3}},"44":{"start":{"line":133,"column":4},"end":{"line":133,"column":53}},"45":{"start":{"line":135,"column":2},"end":{"line":135,"column":17}},"46":{"start":{"line":139,"column":31},"end":{"line":139,"column":52}},"47":{"start":{"line":141,"column":15},"end":{"line":150,"column":4}},"48":{"start":{"line":152,"column":16},"end":{"line":152,"column":71}},"49":{"start":{"line":152,"column":40},"end":{"line":152,"column":67}},"50":{"start":{"line":154,"column":2},"end":{"line":158,"column":4}},"51":{"start":{"line":171,"column":6},"end":{"line":171,"column":11}},"52":{"start":{"line":173,"column":23},"end":{"line":173,"column":42}},"53":{"start":{"line":174,"column":22},"end":{"line":174,"column":91}},"54":{"start":{"line":175,"column":24},"end":{"line":175,"column":58}},"55":{"start":{"line":177,"column":18},"end":{"line":192,"column":4}},"56":{"start":{"line":194,"column":2},"end":{"line":199,"column":5}},"57":{"start":{"line":201,"column":2},"end":{"line":201,"column":65}},"58":{"start":{"line":203,"column":2},"end":{"line":203,"column":53}},"59":{"start":{"line":205,"column":2},"end":{"line":205,"column":17}},"60":{"start":{"line":209,"column":18},"end":{"line":209,"column":44}},"61":{"start":{"line":210,"column":2},"end":{"line":212,"column":3}},"62":{"start":{"line":211,"column":4},"end":{"line":211,"column":54}},"63":{"start":{"line":214,"column":70},"end":{"line":214,"column":75}},"64":{"start":{"line":216,"column":2},"end":{"line":216,"column":65}},"65":{"start":{"line":216,"column":23},"end":{"line":216,"column":65}},"66":{"start":{"line":217,"column":2},"end":{"line":217,"column":68}},"67":{"start":{"line":217,"column":24},"end":{"line":217,"column":68}},"68":{"start":{"line":218,"column":2},"end":{"line":218,"column":55}},"69":{"start":{"line":218,"column":29},"end":{"line":218,"column":55}},"70":{"start":{"line":219,"column":2},"end":{"line":219,"column":67}},"71":{"start":{"line":219,"column":33},"end":{"line":219,"column":67}},"72":{"start":{"line":220,"column":2},"end":{"line":220,"column":40}},"73":{"start":{"line":222,"column":2},"end":{"line":222,"column":23}},"74":{"start":{"line":223,"column":2},"end":{"line":223,"column":17}},"75":{"start":{"line":227,"column":18},"end":{"line":227,"column":44}},"76":{"start":{"line":228,"column":2},"end":{"line":230,"column":3}},"77":{"start":{"line":229,"column":4},"end":{"line":229,"column":54}},"78":{"start":{"line":232,"column":2},"end":{"line":234,"column":3}},"79":{"start":{"line":233,"column":4},"end":{"line":233,"column":82}},"80":{"start":{"line":236,"column":2},"end":{"line":242,"column":3}},"81":{"start":{"line":237,"column":4},"end":{"line":241,"column":6}},"82":{"start":{"line":244,"column":25},"end":{"line":244,"column":39}},"83":{"start":{"line":245,"column":2},"end":{"line":245,"column":30}},"84":{"start":{"line":246,"column":2},"end":{"line":246,"column":40}},"85":{"start":{"line":248,"column":2},"end":{"line":250,"column":3}},"86":{"start":{"line":249,"column":4},"end":{"line":249,"column":37}},"87":{"start":{"line":251,"column":2},"end":{"line":253,"column":3}},"88":{"start":{"line":252,"column":4},"end":{"line":252,"column":38}},"89":{"start":{"line":255,"column":2},"end":{"line":255,"column":23}},"90":{"start":{"line":257,"column":2},"end":{"line":262,"column":5}},"91":{"start":{"line":264,"column":2},"end":{"line":268,"column":5}},"92":{"start":{"line":270,"column":2},"end":{"line":270,"column":81}},"93":{"start":{"line":272,"column":2},"end":{"line":274,"column":3}},"94":{"start":{"line":273,"column":4},"end":{"line":273,"column":58}},"95":{"start":{"line":276,"column":2},"end":{"line":276,"column":17}},"96":{"start":{"line":280,"column":18},"end":{"line":280,"column":44}},"97":{"start":{"line":281,"column":2},"end":{"line":283,"column":3}},"98":{"start":{"line":282,"column":4},"end":{"line":282,"column":54}},"99":{"start":{"line":285,"column":74},"end":{"line":285,"column":79}},"100":{"start":{"line":287,"column":2},"end":{"line":287,"column":40}},"101":{"start":{"line":288,"column":2},"end":{"line":288,"column":38}},"102":{"start":{"line":289,"column":2},"end":{"line":289,"column":50}},"103":{"start":{"line":290,"column":2},"end":{"line":290,"column":50}},"104":{"start":{"line":291,"column":2},"end":{"line":291,"column":31}},"105":{"start":{"line":292,"column":2},"end":{"line":292,"column":40}},"106":{"start":{"line":294,"column":2},"end":{"line":294,"column":23}},"107":{"start":{"line":296,"column":2},"end":{"line":301,"column":5}},"108":{"start":{"line":303,"column":2},"end":{"line":306,"column":5}},"109":{"start":{"line":308,"column":2},"end":{"line":308,"column":17}},"110":{"start":{"line":312,"column":18},"end":{"line":312,"column":44}},"111":{"start":{"line":313,"column":2},"end":{"line":315,"column":3}},"112":{"start":{"line":314,"column":4},"end":{"line":314,"column":54}},"113":{"start":{"line":317,"column":2},"end":{"line":317,"column":31}},"114":{"start":{"line":318,"column":2},"end":{"line":318,"column":40}},"115":{"start":{"line":320,"column":2},"end":{"line":320,"column":23}},"116":{"start":{"line":322,"column":2},"end":{"line":327,"column":5}},"117":{"start":{"line":329,"column":2},"end":{"line":329,"column":77}},"118":{"start":{"line":331,"column":2},"end":{"line":331,"column":17}},"119":{"start":{"line":334,"column":0},"end":{"line":351,"column":2}}},"fnMap":{"0":{"name":"(anonymous_0)","decl":{"start":{"line":30,"column":2},"end":{"line":30,"column":3}},"loc":{"start":{"line":30,"column":44},"end":{"line":35,"column":3}},"line":30},"1":{"name":"gerarNumeroPedido","decl":{"start":{"line":42,"column":9},"end":{"line":42,"column":26}},"loc":{"start":{"line":42,"column":29},"end":{"line":44,"column":1}},"line":42},"2":{"name":"calcularDistanciaKm","decl":{"start":{"line":50,"column":9},"end":{"line":50,"column":28}},"loc":{"start":{"line":50,"column":53},"end":{"line":70,"column":1}},"line":50},"3":{"name":"(anonymous_3)","decl":{"start":{"line":56,"column":16},"end":{"line":56,"column":17}},"loc":{"start":{"line":56,"column":25},"end":{"line":56,"column":46}},"line":56},"4":{"name":"calcularTempoEstimado","decl":{"start":{"line":72,"column":9},"end":{"line":72,"column":30}},"loc":{"start":{"line":72,"column":44},"end":{"line":75,"column":1}},"line":72},"5":{"name":"transicaoValida","decl":{"start":{"line":77,"column":9},"end":{"line":77,"column":24}},"loc":{"start":{"line":77,"column":35},"end":{"line":81,"column":1}},"line":77},"6":{"name":"listarEntregas","decl":{"start":{"line":87,"column":15},"end":{"line":87,"column":29}},"loc":{"start":{"line":87,"column":39},"end":{"line":112,"column":1}},"line":87},"7":{"name":"buscarPorId","decl":{"start":{"line":114,"column":15},"end":{"line":114,"column":26}},"loc":{"start":{"line":114,"column":31},"end":{"line":128,"column":1}},"line":114},"8":{"name":"buscarPorPedido","decl":{"start":{"line":130,"column":15},"end":{"line":130,"column":30}},"loc":{"start":{"line":130,"column":39},"end":{"line":136,"column":1}},"line":130},"9":{"name":"obterEstatisticas","decl":{"start":{"line":138,"column":15},"end":{"line":138,"column":32}},"loc":{"start":{"line":138,"column":35},"end":{"line":159,"column":1}},"line":138},"10":{"name":"(anonymous_10)","decl":{"start":{"line":152,"column":28},"end":{"line":152,"column":29}},"loc":{"start":{"line":152,"column":40},"end":{"line":152,"column":67}},"line":152},"11":{"name":"criarEntrega","decl":{"start":{"line":161,"column":15},"end":{"line":161,"column":27}},"loc":{"start":{"line":161,"column":35},"end":{"line":206,"column":1}},"line":161},"12":{"name":"atualizarEntrega","decl":{"start":{"line":208,"column":15},"end":{"line":208,"column":31}},"loc":{"start":{"line":208,"column":43},"end":{"line":224,"column":1}},"line":208},"13":{"name":"atualizarStatus","decl":{"start":{"line":226,"column":15},"end":{"line":226,"column":30}},"loc":{"start":{"line":226,"column":47},"end":{"line":277,"column":1}},"line":226},"14":{"name":"atribuirEntrega","decl":{"start":{"line":279,"column":15},"end":{"line":279,"column":30}},"loc":{"start":{"line":279,"column":42},"end":{"line":309,"column":1}},"line":279},"15":{"name":"cancelarEntrega","decl":{"start":{"line":311,"column":15},"end":{"line":311,"column":30}},"loc":{"start":{"line":311,"column":35},"end":{"line":332,"column":1}},"line":311}},"branchMap":{"0":{"loc":{"start":{"line":34,"column":17},"end":{"line":34,"column":30}},"type":"binary-expr","locations":[{"start":{"line":34,"column":17},"end":{"line":34,"column":22}},{"start":{"line":34,"column":26},"end":{"line":34,"column":30}}],"line":34},"1":{"loc":{"start":{"line":51,"column":2},"end":{"line":53,"column":3}},"type":"if","locations":[{"start":{"line":51,"column":2},"end":{"line":53,"column":3}},{"start":{},"end":{}}],"line":51},"2":{"loc":{"start":{"line":51,"column":6},"end":{"line":51,"column":66}},"type":"binary-expr","locations":[{"start":{"line":51,"column":6},"end":{"line":51,"column":18}},{"start":{"line":51,"column":22},"end":{"line":51,"column":34}},{"start":{"line":51,"column":38},"end":{"line":51,"column":50}},{"start":{"line":51,"column":54},"end":{"line":51,"column":66}}],"line":51},"3":{"loc":{"start":{"line":73,"column":2},"end":{"line":73,"column":39}},"type":"if","locations":[{"start":{"line":73,"column":2},"end":{"line":73,"column":39}},{"start":{},"end":{}}],"line":73},"4":{"loc":{"start":{"line":79,"column":2},"end":{"line":79,"column":32}},"type":"if","locations":[{"start":{"line":79,"column":2},"end":{"line":79,"column":32}},{"start":{},"end":{}}],"line":79},"5":{"loc":{"start":{"line":90,"column":2},"end":{"line":92,"column":3}},"type":"if","locations":[{"start":{"line":90,"column":2},"end":{"line":92,"column":3}},{"start":{},"end":{}}],"line":90},"6":{"loc":{"start":{"line":93,"column":2},"end":{"line":95,"column":3}},"type":"if","locations":[{"start":{"line":93,"column":2},"end":{"line":95,"column":3}},{"start":{},"end":{}}],"line":93},"7":{"loc":{"start":{"line":96,"column":2},"end":{"line":98,"column":3}},"type":"if","locations":[{"start":{"line":96,"column":2},"end":{"line":98,"column":3}},{"start":{},"end":{}}],"line":96},"8":{"loc":{"start":{"line":124,"column":2},"end":{"line":126,"column":3}},"type":"if","locations":[{"start":{"line":124,"column":2},"end":{"line":126,"column":3}},{"start":{},"end":{}}],"line":124},"9":{"loc":{"start":{"line":132,"column":2},"end":{"line":134,"column":3}},"type":"if","locations":[{"start":{"line":132,"column":2},"end":{"line":134,"column":3}},{"start":{},"end":{}}],"line":132},"10":{"loc":{"start":{"line":181,"column":16},"end":{"line":181,"column":34}},"type":"binary-expr","locations":[{"start":{"line":181,"column":16},"end":{"line":181,"column":26}},{"start":{"line":181,"column":30},"end":{"line":181,"column":34}}],"line":181},"11":{"loc":{"start":{"line":182,"column":16},"end":{"line":182,"column":34}},"type":"binary-expr","locations":[{"start":{"line":182,"column":16},"end":{"line":182,"column":26}},{"start":{"line":182,"column":30},"end":{"line":182,"column":34}}],"line":182},"12":{"loc":{"start":{"line":183,"column":17},"end":{"line":183,"column":36}},"type":"binary-expr","locations":[{"start":{"line":183,"column":17},"end":{"line":183,"column":28}},{"start":{"line":183,"column":32},"end":{"line":183,"column":36}}],"line":183},"13":{"loc":{"start":{"line":184,"column":17},"end":{"line":184,"column":36}},"type":"binary-expr","locations":[{"start":{"line":184,"column":17},"end":{"line":184,"column":28}},{"start":{"line":184,"column":32},"end":{"line":184,"column":36}}],"line":184},"14":{"loc":{"start":{"line":185,"column":13},"end":{"line":185,"column":28}},"type":"binary-expr","locations":[{"start":{"line":185,"column":13},"end":{"line":185,"column":20}},{"start":{"line":185,"column":24},"end":{"line":185,"column":28}}],"line":185},"15":{"loc":{"start":{"line":189,"column":17},"end":{"line":189,"column":36}},"type":"binary-expr","locations":[{"start":{"line":189,"column":17},"end":{"line":189,"column":28}},{"start":{"line":189,"column":32},"end":{"line":189,"column":36}}],"line":189},"16":{"loc":{"start":{"line":210,"column":2},"end":{"line":212,"column":3}},"type":"if","locations":[{"start":{"line":210,"column":2},"end":{"line":212,"column":3}},{"start":{},"end":{}}],"line":210},"17":{"loc":{"start":{"line":216,"column":2},"end":{"line":216,"column":65}},"type":"if","locations":[{"start":{"line":216,"column":2},"end":{"line":216,"column":65}},{"start":{},"end":{}}],"line":216},"18":{"loc":{"start":{"line":217,"column":2},"end":{"line":217,"column":68}},"type":"if","locations":[{"start":{"line":217,"column":2},"end":{"line":217,"column":68}},{"start":{},"end":{}}],"line":217},"19":{"loc":{"start":{"line":218,"column":2},"end":{"line":218,"column":55}},"type":"if","locations":[{"start":{"line":218,"column":2},"end":{"line":218,"column":55}},{"start":{},"end":{}}],"line":218},"20":{"loc":{"start":{"line":219,"column":2},"end":{"line":219,"column":67}},"type":"if","locations":[{"start":{"line":219,"column":2},"end":{"line":219,"column":67}},{"start":{},"end":{}}],"line":219},"21":{"loc":{"start":{"line":228,"column":2},"end":{"line":230,"column":3}},"type":"if","locations":[{"start":{"line":228,"column":2},"end":{"line":230,"column":3}},{"start":{},"end":{}}],"line":228},"22":{"loc":{"start":{"line":232,"column":2},"end":{"line":234,"column":3}},"type":"if","locations":[{"start":{"line":232,"column":2},"end":{"line":234,"column":3}},{"start":{},"end":{}}],"line":232},"23":{"loc":{"start":{"line":236,"column":2},"end":{"line":242,"column":3}},"type":"if","locations":[{"start":{"line":236,"column":2},"end":{"line":242,"column":3}},{"start":{},"end":{}}],"line":236},"24":{"loc":{"start":{"line":248,"column":2},"end":{"line":250,"column":3}},"type":"if","locations":[{"start":{"line":248,"column":2},"end":{"line":250,"column":3}},{"start":{},"end":{}}],"line":248},"25":{"loc":{"start":{"line":251,"column":2},"end":{"line":253,"column":3}},"type":"if","locations":[{"start":{"line":251,"column":2},"end":{"line":253,"column":3}},{"start":{},"end":{}}],"line":251},"26":{"loc":{"start":{"line":272,"column":2},"end":{"line":274,"column":3}},"type":"if","locations":[{"start":{"line":272,"column":2},"end":{"line":274,"column":3}},{"start":{},"end":{}}],"line":272},"27":{"loc":{"start":{"line":281,"column":2},"end":{"line":283,"column":3}},"type":"if","locations":[{"start":{"line":281,"column":2},"end":{"line":283,"column":3}},{"start":{},"end":{}}],"line":281},"28":{"loc":{"start":{"line":289,"column":27},"end":{"line":289,"column":49}},"type":"binary-expr","locations":[{"start":{"line":289,"column":27},"end":{"line":289,"column":41}},{"start":{"line":289,"column":45},"end":{"line":289,"column":49}}],"line":289},"29":{"loc":{"start":{"line":290,"column":27},"end":{"line":290,"column":49}},"type":"binary-expr","locations":[{"start":{"line":290,"column":27},"end":{"line":290,"column":41}},{"start":{"line":290,"column":45},"end":{"line":290,"column":49}}],"line":290},"30":{"loc":{"start":{"line":313,"column":2},"end":{"line":315,"column":3}},"type":"if","locations":[{"start":{"line":313,"column":2},"end":{"line":315,"column":3}},{"start":{},"end":{}}],"line":313}},"s":{"0":2,"1":2,"2":2,"3":2,"4":2,"5":2,"6":2,"7":2,"8":18,"9":18,"10":18,"11":18,"12":5,"13":9,"14":6,"15":3,"16":3,"17":12,"18":3,"19":3,"20":3,"21":3,"22":3,"23":6,"24":2,"25":4,"26":14,"27":14,"28":1,"29":13,"30":4,"31":4,"32":1,"33":4,"34":1,"35":4,"36":1,"37":4,"38":2,"39":2,"40":1,"41":1,"42":2,"43":2,"44":1,"45":1,"46":1,"47":1,"48":1,"49":2,"50":1,"51":2,"52":2,"53":2,"54":2,"55":2,"56":2,"57":2,"58":2,"59":2,"60":4,"61":4,"62":1,"63":3,"64":3,"65":1,"66":3,"67":1,"68":3,"69":1,"70":3,"71":1,"72":3,"73":3,"74":3,"75":5,"76":5,"77":1,"78":4,"79":1,"80":3,"81":1,"82":2,"83":2,"84":2,"85":2,"86":1,"87":2,"88":1,"89":2,"90":2,"91":2,"92":2,"93":2,"94":1,"95":2,"96":3,"97":3,"98":1,"99":2,"100":2,"101":2,"102":2,"103":2,"104":2,"105":2,"106":2,"107":2,"108":2,"109":2,"110":2,"111":2,"112":1,"113":1,"114":1,"115":1,"116":1,"117":1,"118":1,"119":2},"f":{"0":18,"1":5,"2":9,"3":12,"4":6,"5":14,"6":4,"7":2,"8":2,"9":1,"10":2,"11":2,"12":4,"13":5,"14":3,"15":2},"b":{"0":[18,13],"1":[6,3],"2":[9,6,5,4],"3":[2,4],"4":[1,13],"5":[1,3],"6":[1,3],"7":[1,3],"8":[1,1],"9":[1,1],"10":[2,1],"11":[2,1],"12":[2,1],"13":[2,1],"14":[2,2],"15":[2,2],"16":[1,3],"17":[1,2],"18":[1,2],"19":[1,2],"20":[1,2],"21":[1,4],"22":[1,3],"23":[1,2],"24":[1,1],"25":[1,1],"26":[1,1],"27":[1,2],"28":[2,1],"29":[2,1],"30":[1,1]},"_coverageSchema":"1a1c01bbd47fc00a2c39e90264f33305004495a9","hash":"89fba8ac79024af3cd3b68efefc5437a5ef1a80a"}
}
