TN:
SF:src\middleware\auth.js
FN:4,authMiddleware
FNF:1
FNH:1
FNDA:8,authMiddleware
DA:1,1
DA:2,1
DA:5,8
DA:6,8
DA:7,1
DA:8,1
DA:11,7
DA:12,7
DA:13,1
DA:16,6
DA:17,6
DA:18,2
DA:21,4
DA:22,4
DA:23,4
DA:24,2
DA:29,2
DA:31,2
DA:32,2
DA:36,1
LF:20
LH:20
BRDA:6,0,0,1
BRDA:6,0,1,7
BRDA:12,1,0,1
BRDA:12,1,1,6
BRDA:17,2,0,2
BRDA:17,2,1,4
BRDA:17,3,0,6
BRDA:17,3,1,5
BRDA:25,4,0,2
BRDA:25,4,1,1
BRF:10
BRH:10
end_of_record
TN:
SF:src\middleware\validar.js
FN:9,validar
FN:10,(anonymous_1)
FNF:2
FNH:2
FNDA:10,validar
FNDA:28,(anonymous_1)
DA:10,10
DA:11,28
DA:12,28
DA:13,7
DA:14,7
DA:16,21
DA:17,21
DA:21,2
LF:8
LH:8
BRDA:12,0,0,7
BRDA:12,0,1,21
BRF:2
BRH:2
end_of_record
TN:
SF:src\routes\entregas.js
FN:20,tratarErro
FN:35,(anonymous_1)
FN:47,(anonymous_2)
FN:59,(anonymous_3)
FN:71,(anonymous_4)
FN:83,(anonymous_5)
FN:95,(anonymous_6)
FN:107,(anonymous_7)
FN:119,(anonymous_8)
FN:131,(anonymous_9)
FNF:10
FNH:10
FNDA:17,tratarErro
FNDA:5,(anonymous_1)
FNDA:2,(anonymous_2)
FNDA:3,(anonymous_3)
FNDA:3,(anonymous_4)
FNDA:4,(anonymous_5)
FNDA:3,(anonymous_6)
FNDA:8,(anonymous_7)
FNDA:3,(anonymous_8)
FNDA:3,(anonymous_9)
DA:3,1
DA:4,1
DA:5,1
DA:6,1
DA:12,1
DA:13,1
DA:14,1
DA:21,17
DA:22,8
DA:23,8
DA:24,2
DA:26,8
DA:28,9
DA:29,9
DA:35,1
DA:36,5
DA:37,5
DA:38,4
DA:40,1
DA:47,1
DA:48,2
DA:49,2
DA:50,1
DA:52,1
DA:59,1
DA:60,3
DA:61,3
DA:62,1
DA:64,2
DA:71,1
DA:72,3
DA:73,3
DA:74,1
DA:76,2
DA:83,1
DA:84,4
DA:85,4
DA:86,3
DA:88,1
DA:95,1
DA:96,3
DA:97,3
DA:98,1
DA:100,2
DA:107,1
DA:108,8
DA:109,8
DA:110,4
DA:112,4
DA:119,1
DA:120,3
DA:121,3
DA:122,1
DA:124,2
DA:131,1
DA:132,3
DA:133,3
DA:134,1
DA:136,2
DA:140,1
LF:60
LH:60
BRDA:21,0,0,8
BRDA:21,0,1,9
BRDA:23,1,0,2
BRDA:23,1,1,6
BRF:4
BRH:4
end_of_record
TN:
SF:src\schemas\entregaSchemas.js
FN:31,(anonymous_0)
FNF:1
FNH:1
FNDA:4,(anonymous_0)
DA:3,1
DA:5,1
DA:18,1
DA:25,1
DA:31,4
DA:38,1
DA:42,1
LF:7
LH:7
BRDA:31,0,0,4
BRDA:31,0,1,4
BRDA:31,0,2,4
BRF:3
BRH:3
end_of_record
TN:
SF:src\services\entregaService.js
FN:30,(anonymous_0)
FN:42,gerarNumeroPedido
FN:50,calcularDistanciaKm
FN:56,(anonymous_3)
FN:72,calcularTempoEstimado
FN:77,transicaoValida
FN:87,listarEntregas
FN:114,buscarPorId
FN:130,buscarPorPedido
FN:138,obterEstatisticas
FN:152,(anonymous_10)
FN:161,criarEntrega
FN:208,atualizarEntrega
FN:226,atualizarStatus
FN:279,atribuirEntrega
FN:311,cancelarEntrega
FNF:16
FNH:16
FNDA:18,(anonymous_0)
FNDA:5,gerarNumeroPedido
FNDA:9,calcularDistanciaKm
FNDA:12,(anonymous_3)
FNDA:6,calcularTempoEstimado
FNDA:14,transicaoValida
FNDA:4,listarEntregas
FNDA:2,buscarPorId
FNDA:2,buscarPorPedido
FNDA:1,obterEstatisticas
FNDA:2,(anonymous_10)
FNDA:2,criarEntrega
FNDA:4,atualizarEntrega
FNDA:5,atualizarStatus
FNDA:3,atribuirEntrega
FNDA:2,cancelarEntrega
DA:3,2
DA:4,2
DA:5,2
DA:6,2
DA:7,2
DA:13,2
DA:15,2
DA:23,2
DA:31,18
DA:32,18
DA:33,18
DA:34,18
DA:43,5
DA:51,9
DA:52,6
DA:55,3
DA:56,12
DA:58,3
DA:59,3
DA:62,3
DA:68,3
DA:69,3
DA:73,6
DA:74,4
DA:78,14
DA:79,14
DA:80,13
DA:88,4
DA:90,4
DA:91,1
DA:93,4
DA:94,1
DA:96,4
DA:97,1
DA:100,4
DA:115,2
DA:124,2
DA:125,1
DA:127,1
DA:131,2
DA:132,2
DA:133,1
DA:135,1
DA:139,1
DA:141,1
DA:152,2
DA:154,1
DA:171,2
DA:173,2
DA:174,2
DA:175,2
DA:177,2
DA:194,2
DA:201,2
DA:203,2
DA:205,2
DA:209,4
DA:210,4
DA:211,1
DA:214,3
DA:216,3
DA:217,3
DA:218,3
DA:219,3
DA:220,3
DA:222,3
DA:223,3
DA:227,5
DA:228,5
DA:229,1
DA:232,4
DA:233,1
DA:236,3
DA:237,1
DA:244,2
DA:245,2
DA:246,2
DA:248,2
DA:249,1
DA:251,2
DA:252,1
DA:255,2
DA:257,2
DA:264,2
DA:270,2
DA:272,2
DA:273,1
DA:276,2
DA:280,3
DA:281,3
DA:282,1
DA:285,2
DA:287,2
DA:288,2
DA:289,2
DA:290,2
DA:291,2
DA:292,2
DA:294,2
DA:296,2
DA:303,2
DA:308,2
DA:312,2
DA:313,2
DA:314,1
DA:317,1
DA:318,1
DA:320,1
DA:322,1
DA:329,1
DA:331,1
DA:334,2
LF:112
LH:112
BRDA:34,0,0,18
BRDA:34,0,1,13
BRDA:51,1,0,6
BRDA:51,1,1,3
BRDA:51,2,0,9
BRDA:51,2,1,6
BRDA:51,2,2,5
BRDA:51,2,3,4
BRDA:73,3,0,2
BRDA:73,3,1,4
BRDA:79,4,0,1
BRDA:79,4,1,13
BRDA:90,5,0,1
BRDA:90,5,1,3
BRDA:93,6,0,1
BRDA:93,6,1,3
BRDA:96,7,0,1
BRDA:96,7,1,3
BRDA:124,8,0,1
BRDA:124,8,1,1
BRDA:132,9,0,1
BRDA:132,9,1,1
BRDA:181,10,0,2
BRDA:181,10,1,1
BRDA:182,11,0,2
BRDA:182,11,1,1
BRDA:183,12,0,2
BRDA:183,12,1,1
BRDA:184,13,0,2
BRDA:184,13,1,1
BRDA:185,14,0,2
BRDA:185,14,1,2
BRDA:189,15,0,2
BRDA:189,15,1,2
BRDA:210,16,0,1
BRDA:210,16,1,3
BRDA:216,17,0,1
BRDA:216,17,1,2
BRDA:217,18,0,1
BRDA:217,18,1,2
BRDA:218,19,0,1
BRDA:218,19,1,2
BRDA:219,20,0,1
BRDA:219,20,1,2
BRDA:228,21,0,1
BRDA:228,21,1,4
BRDA:232,22,0,1
BRDA:232,22,1,3
BRDA:236,23,0,1
BRDA:236,23,1,2
BRDA:248,24,0,1
BRDA:248,24,1,1
BRDA:251,25,0,1
BRDA:251,25,1,1
BRDA:272,26,0,1
BRDA:272,26,1,1
BRDA:281,27,0,1
BRDA:281,27,1,2
BRDA:289,28,0,2
BRDA:289,28,1,1
BRDA:290,29,0,2
BRDA:290,29,1,1
BRDA:313,30,0,1
BRDA:313,30,1,1
BRF:64
BRH:64
end_of_record
